<?xml version="1.0" encoding="UTF-8"?>
<testng-results ignored="0" total="2" passed="2" failed="0" skipped="0">
  <reporter-output>
  </reporter-output>
  <suite started-at="2022-05-27T10:33:18 COT" name="Default suite" finished-at="2022-05-27T10:33:45 COT" duration-ms="26735">
    <groups>
    </groups>
    <test started-at="2022-05-27T10:33:18 COT" name="Default test" finished-at="2022-05-27T10:33:45 COT" duration-ms="26735">
      <class name="test_1.CustomerFeasibility">
        <test-method is-config="true" signature="beforeSuite()[pri:0, instance:test_1.CustomerFeasibility@140c9f39]" started-at="2022-05-27T10:33:18 COT" name="beforeSuite" finished-at="2022-05-27T10:33:18 COT" duration-ms="12" status="PASS">
          <reporter-output>
          </reporter-output>
        </test-method> <!-- beforeSuite -->
        <test-method is-config="true" signature="beforeClass()[pri:0, instance:test_1.CustomerFeasibility@140c9f39]" started-at="2022-05-27T10:33:18 COT" name="beforeClass" finished-at="2022-05-27T10:33:22 COT" duration-ms="3612" status="PASS">
          <reporter-output>
          </reporter-output>
        </test-method> <!-- beforeClass -->
        <test-method is-config="true" signature="beforeTest()[pri:0, instance:test_1.CustomerFeasibility@140c9f39]" started-at="2022-05-27T10:33:22 COT" name="beforeTest" finished-at="2022-05-27T10:33:22 COT" duration-ms="0" status="PASS">
          <reporter-output>
          </reporter-output>
        </test-method> <!-- beforeTest -->
        <test-method is-config="true" signature="beforeMethod()[pri:0, instance:test_1.CustomerFeasibility@140c9f39]" started-at="2022-05-27T10:33:22 COT" name="beforeMethod" finished-at="2022-05-27T10:33:22 COT" duration-ms="1" status="PASS">
          <reporter-output>
          </reporter-output>
        </test-method> <!-- beforeMethod -->
        <test-method signature="loginAutofinance()[pri:2, instance:test_1.CustomerFeasibility@140c9f39]" started-at="2022-05-27T10:33:22 COT" name="loginAutofinance" finished-at="2022-05-27T10:33:30 COT" duration-ms="8343" status="PASS">
          <reporter-output>
          </reporter-output>
        </test-method> <!-- loginAutofinance -->
        <test-method is-config="true" signature="afterMethod()[pri:0, instance:test_1.CustomerFeasibility@140c9f39]" started-at="2022-05-27T10:33:30 COT" name="afterMethod" finished-at="2022-05-27T10:33:30 COT" duration-ms="0" status="PASS">
          <reporter-output>
          </reporter-output>
        </test-method> <!-- afterMethod -->
        <test-method is-config="true" signature="beforeMethod()[pri:0, instance:test_1.CustomerFeasibility@140c9f39]" started-at="2022-05-27T10:33:30 COT" name="beforeMethod" finished-at="2022-05-27T10:33:30 COT" duration-ms="1" status="PASS">
          <reporter-output>
          </reporter-output>
        </test-method> <!-- beforeMethod -->
        <test-method signature="feasibility()[pri:3, instance:test_1.CustomerFeasibility@140c9f39]" started-at="2022-05-27T10:33:30 COT" name="feasibility" finished-at="2022-05-27T10:33:45 COT" duration-ms="14737" status="PASS">
          <reporter-output>
          </reporter-output>
        </test-method> <!-- feasibility -->
        <test-method is-config="true" signature="afterMethod()[pri:0, instance:test_1.CustomerFeasibility@140c9f39]" started-at="2022-05-27T10:33:45 COT" name="afterMethod" finished-at="2022-05-27T10:33:45 COT" duration-ms="0" status="PASS">
          <reporter-output>
          </reporter-output>
        </test-method> <!-- afterMethod -->
        <test-method is-config="true" signature="afterClass()[pri:0, instance:test_1.CustomerFeasibility@140c9f39]" started-at="2022-05-27T10:33:45 COT" name="afterClass" finished-at="2022-05-27T10:33:45 COT" duration-ms="0" status="PASS">
          <reporter-output>
          </reporter-output>
        </test-method> <!-- afterClass -->
        <test-method is-config="true" signature="afterTest()[pri:0, instance:test_1.CustomerFeasibility@140c9f39]" started-at="2022-05-27T10:33:45 COT" name="afterTest" finished-at="2022-05-27T10:33:45 COT" duration-ms="0" status="PASS">
          <reporter-output>
          </reporter-output>
        </test-method> <!-- afterTest -->
      </class> <!-- test_1.CustomerFeasibility -->
    </test> <!-- Default test -->
  </suite> <!-- Default suite -->
</testng-results>
